## 2025-09-06 15:59:53 
MSigDB import: 0.3491268 
Testing 1760 gene sets:
"Interleukin-6_signaling 
"Apoptosis 
"Hemostasis 
"Intrinsic_Pathway_for_Apoptosis 
"PI3K_Cascade 
"MAPK3_(ERK1)_activation 
"Translesion_synthesis_by_REV1 
"Translesion_synthesis_by_Y_family_DNA_polymerases_bypasses_lesions_on_DNA_template 
"Recognition_of_DNA_damage_by_PCNA-containing_replication_complex 
"Translesion_Synthesis_by_POLH 
"Recognition_and_association_of_DNA_glycosylase_with_site_containing_an_affected_pyrimidine 
"Cleavage_of_the_damaged_pyrimidine 
"Recognition_and_association_of_DNA_glycosylase_with_site_containing_an_affected_purine 
"Cleavage_of_the_damaged_purine 
"Displacement_of_DNA_glycosylase_by_APEX1 
"POLB-Dependent_Long_Patch_Base_Excision_Repair 
"Resolution_of_AP_sites_via_the_multiple-nucleotide_patch_replacement_pathway 
"SLBP_independent_Processing_of_Histone_Pre-mRNAs 
"Activation_of_BAD_and_translocation_to_mitochondria 
"BH3-only_proteins_associate_with_and_inactivate_anti-apoptotic_BCL-2_members 
"Formation_of_apoptosome 
"Activation_of_caspases_through_apoptosome-mediated_cleavage 
"Cytochrome_c-mediated_apoptotic_response 
"SMAC_(DIABLO)_binds_to_IAPs 
"SMAC(DIABLO)-mediated_dissociation_of_IAP:caspase_complexes 
"Apoptotic_cleavage_of_cellular_proteins 
"SMAC,_XIAP-regulated_apoptotic_response 
"Apoptotic_factor-mediated_response 
"Opioid_Signalling 
"PKA-mediated_phosphorylation_of_CREB 
"CaMK_IV-mediated_phosphorylation_of_CREB 
"Calmodulin_induced_events 
"Ca-dependent_events 
"CaM_pathway 
"G-protein_mediated_events 
"PLC_beta_mediated_events 
"Presynaptic_depolarization_and_calcium_channel_opening 
"Neurotransmitter_release_cycle 
"Neurotransmitter_clearance 
"Neurotransmitter_receptors_and_postsynaptic_signal_transmission 
"Transmission_across_Chemical_Synapses 
"Neuronal_System 
"Formation_of_RNA_Pol_II_elongation_complex 
"IRS-mediated_signalling 
"RAF-independent_MAPK1/3_activation 
"MAPK1_(ERK2)_activation 
"SOS-mediated_signalling 
"Formation_of_the_Early_Elongation_Complex 
"Inhibition_of_replication_initiation_of_damaged_DNA_by_RB1/E2F1 
"E2F-enabled_inhibition_of_pre-replication_complex_formation 
"E2F_mediated_regulation_of_DNA_replication 
"Activation_of_BH3-only_proteins 
"Effects_of_PIP2_hydrolysis 
"GPVI-mediated_activation_cascade 
"Platelet_degranulation 
"Downstream_signaling_events_of_B_Cell_Receptor_(BCR) 
"Activation_of_NF-kappaB_in_B_cells 
"ISG15_antiviral_mechanism 
"Antiviral_mechanism_by_IFN-stimulated_genes 
"Prolactin_receptor_signaling 
"Signaling_by_NODAL 
"Fertilization 
"Meiotic_synapsis 
"ROS_and_RNS_production_in_phagocytes 
"Signaling_by_FGFR_in_disease 
"Signaling_by_ERBB2 
"Signaling_by_ERBB2_in_Cancer 
"Regulation_of_gene_expression_by_Hypoxia-inducible_Factor 
"Cellular_response_to_hypoxia 
"Oxygen-dependent_proline_hydroxylation_of_Hypoxia-inducible_Factor_Alpha 
"Constitutive_Signaling_by_Ligand-Responsive_EGFR_Cancer_Variants 
"Signaling_by_ERBB4 
"Cross-presentation_of_particulate_exogenous_antigens_(phagosomes) 
"ER-Phagosome_pathway 
"Antigen_processing-Cross_presentation 
"Endosomal/Vacuolar_pathway 
"Cross-presentation_of_soluble_exogenous_antigens_(endosomes) 
"Erythrocytes_take_up_carbon_dioxide_and_release_oxygen 
"Methionine_salvage_pathway 
"Erythrocytes_take_up_oxygen_and_release_carbon_dioxide 
"SHC1_events_in_ERBB2_signaling 
"PI3K_events_in_ERBB4_signaling 
"SHC1_events_in_ERBB4_signaling 
"Nuclear_signaling_by_ERBB4 
"Downregulation_of_ERBB4_signaling 
"PIP3_activates_AKT_signaling 
"Interleukin-7_signaling 
"Developmental_Biology 
"Mitochondrial_protein_import 
"Cytokine_Signaling_in_Immune_system 
"Adaptive_Immune_System 
"Spry_regulation_of_FGF_signaling 
"Activation_of_G_protein_gated_Potassium_channels 
"Ca2+_activated_K+_channels 
"G_protein_gated_Potassium_channels 
"Inwardly_rectifying_K+_channels 
"Potassium_Channels 
"Voltage_gated_Potassium_channels 
"Tandem_pore_domain_potassium_channels 
"Sperm_Motility_And_Taxes 
"Downregulation_of_ERBB2:ERBB3_signaling 
"Transcription_of_E2F_targets_under_negative_control_by_DREAM_complex 
"Transcription_of_E2F_targets_under_negative_control_by_p107_(RBL1)_and_p130_(RBL2)_in_complex_with_HDAC1 
"Mitochondrial_iron-sulfur_cluster_biogenesis 
"RORA_activates_gene_expression 
"BMAL1:CLOCK,NPAS2_activates_circadian_gene_expression 
"ABC_transporters_in_lipid_homeostasis 
"Elevation_of_cytosolic_Ca2+_levels 
"Activation_of_PUMA_and_translocation_to_mitochondria 
"Apoptosis_induced_DNA_fragmentation 
"Caspase_activation_via_Death_Receptors_in_the_presence_of_ligand 
"Intrinsic_Pathway_of_Fibrin_Clot_Formation 
"Common_Pathway_of_Fibrin_Clot_Formation 
"Formation_of_Fibrin_Clot_(Clotting_Cascade) 
"Inhibition_of_the_proteolytic_activity_of_APC/C_required_for_the_onset_of_anaphase_by_mitotic_spindle_checkpoint_components 
"Amplification_of_signal_from_the_kinetochores 
"Inactivation_of_APC/C_via_direct_inhibition_of_the_APC/C_complex 
"Amplification__of_signal_from_unattached__kinetochores_via_a_MAD2__inhibitory_signal 
"The_citric_acid_(TCA)_cycle_and_respiratory_electron_transport 
"Signaling_by_SCF-KIT 
"Regulation_of_KIT_signaling 
"Regulation_of_signaling_by_NODAL 
"Collagen_degradation 
"Translocation_of_SLC2A4_(GLUT4)_to_the_plasma_membrane 
"Beta_defensins 
"Defensins 
"Tetrahydrobiopterin_(BH4)_synthesis,_recycling,_salvage_and_regulation 
"Reproduction 
"Degradation_of_the_extracellular_matrix 
"Extracellular_matrix_organization 
"Collagen_formation 
"Reversible_hydration_of_carbon_dioxide 
"O2/CO2_exchange_in_erythrocytes 
"Acyl_chain_remodelling_of_PC 
"Acyl_chain_remodelling_of_PS 
"Acyl_chain_remodelling_of_PE 
"Acyl_chain_remodelling_of_PI 
"Acyl_chain_remodelling_of_PG 
"Hydrolysis_of_LPC 
"Synthesis_of_PG 
"Synthesis_of_PA 
"Synthesis_of_PC 
"Glycerophospholipid_biosynthesis 
"Synthesis_of_PE 
"Inositol_phosphate_metabolism 
"PI_Metabolism 
"Phospholipid_metabolism 
"DAG_and_IP3_signaling 
"Meiosis 
"Cell-Cell_communication 
"Signaling_by_Activin 
"G0_and_Early_G1 
"Phase_II_-_Conjugation_of_compounds 
"Methylation 
"Cytosolic_sulfonation_of_small_molecules 
"Amino_Acid_conjugation 
"Glucuronidation 
"Glutathione_conjugation 
"Elastic_fibre_formation 
"Polo-like_kinase_mediated_events 
"L13a-mediated_translational_silencing_of_Ceruloplasmin_expression 
"Eukaryotic_Translation_Elongation 
"Peptide_chain_elongation 
"Signaling_by_NOTCH 
"Telomere_Maintenance 
"Gap_junction_trafficking_and_regulation 
"Metabolism_of_nucleotides 
"Mitochondrial_biogenesis 
"Transport_of_the_SLBP_independent_Mature_mRNA 
"Transport_of_the_SLBP_Dependant_Mature_mRNA 
"Transport_of_Mature_mRNA_Derived_from_an_Intronless_Transcript 
"Transport_of_Mature_mRNAs_Derived_from_Intronless_Transcripts 
"Transport_of_Mature_mRNA_derived_from_an_Intron-Containing_Transcript 
"Activation_of_Matrix_Metalloproteinases 
"Recycling_of_bile_acids_and_salts 
"Conjugation_of_carboxylic_acids 
"Gamma-carboxylation_of_protein_precursors 
"Transport_of_gamma-carboxylated_protein_precursors_from_the_endoplasmic_reticulum_to_the_Golgi_apparatus 
"Removal_of_aminoterminal_propeptides_from_gamma-carboxylated_proteins 
"Gamma-carboxylation,_transport,_and_amino-terminal_cleavage_of_proteins 
"ZBP1(DAI)_mediated_induction_of_type_I_IFNs 
"Degradation_of_cysteine_and_homocysteine 
"Sulfur_amino_acid_metabolism 
"HIV_Life_Cycle 
"Budding_and_maturation_of_HIV_virion 
"Integration_of_provirus 
"Early_Phase_of_HIV_Life_Cycle 
"Late_Phase_of_HIV_Life_Cycle 
"Golgi_Cisternae_Pericentriolar_Stack_Reorganization 
"Synthesis_of_glycosylphosphatidylinositol_(GPI) 
"Attachment_of_GPI_anchor_to_uPAR 
"HIV_Infection 
"Host_Interactions_of_HIV_factors 
"Glycosaminoglycan_metabolism 
"Post-translational_modification:_synthesis_of_GPI-anchored_proteins 
"Respiratory_electron_transport,_ATP_synthesis_by_chemiosmotic_coupling,_and_heat_production_by_uncoupling_proteins. 
"Formation_of_ATP_by_chemiosmotic_coupling 
"Macroautophagy 
"Glucagon_signaling_in_metabolic_regulation 
"Triglyceride_catabolism 
"PKA_activation 
"AMPK_inhibits_chREBP_transcriptional_activation_activity 
"Integration_of_energy_metabolism 
"ChREBP_activates_metabolic_gene_expression 
"PP2A-mediated_dephosphorylation_of_key_metabolic_factors 
"Keratan_sulfate/keratin_metabolism 
"Heparan_sulfate/heparin_(HS-GAG)_metabolism 
"Gamma_carboxylation,_hypusine_formation_and_arylsulfatase_activation 
"Cell_Cycle 
"Disease 
"Signaling_by_EGFR_in_Cancer 
"PKA_activation_in_glucagon_signalling 
"2-LTR_circle_formation 
"Nef-mediates_down_modulation_of_cell_surface_receptors_by_recruiting_them_to_clathrin_adapters 
"Nef_mediated_downregulation_of_MHC_class_I_complex_cell_surface_expression 
"Nef_and_signal_transduction 
"The_role_of_Nef_in_HIV-1_replication_and_disease_pathogenesis 
"Rev-mediated_nuclear_export_of_HIV_RNA 
"Collagen_biosynthesis_and_modifying_enzymes 
"MTOR_signalling 
"Regulation_of_cholesterol_biosynthesis_by_SREBP_(SREBF) 
"Toll_Like_Receptor_4_(TLR4)_Cascade 
"Synthesis_of_PIPs_at_the_plasma_membrane 
"Synthesis_of_PIPs_at_the_Golgi_membrane 
"Synthesis_of_PIPs_at_the_early_endosome_membrane 
"Synthesis_of_PIPs_at_the_late_endosome_membrane 
"MyD88:MAL(TIRAP)_cascade_initiated_on_plasma_membrane 
"Sphingolipid_de_novo_biosynthesis 
"Glycosphingolipid_metabolism 
"MyD88-independent_TLR4_cascade 
"mTORC1-mediated_signalling 
"The_activation_of_arylsulfatases 
"Signaling_by_NTRKs 
"Complement_cascade 
"Lectin_pathway_of_complement_activation 
"Initial_triggering_of_complement 
"Creation_of_C4_and_C2_activators 
"Signalling_to_RAS 
"Formation_of_HIV_elongation_complex_in_the_absence_of_HIV_Tat 
"Formation_of_the_HIV-1_Early_Elongation_Complex 
"RNA_Pol_II_CTD_phosphorylation_and_interaction_with_CE_during_HIV_infection 
"HIV_Transcription_Initiation 
"RNA_Polymerase_II_HIV_Promoter_Escape 
"HIV_Transcription_Elongation 
"Transcription_of_the_HIV_genome 
"Formation_of_HIV-1_elongation_complex_containing_HIV-1_Tat 
"Pausing_and_recovery_of_Tat-mediated_HIV_elongation 
"Abortive_elongation_of_HIV-1_transcript_in_the_absence_of_Tat 
"Tat-mediated_HIV_elongation_arrest_and_recovery 
"Tat-mediated_elongation_of_the_HIV-1_transcript 
"HIV_elongation_arrest_and_recovery 
"Pausing_and_recovery_of_HIV_elongation 
"Nef_Mediated_CD4_Down-regulation 
"Trafficking_and_processing_of_endosomal_TLR 
"Toll_Like_Receptor_9_(TLR9)_Cascade 
"Toll_Like_Receptor_10_(TLR10)_Cascade 
"Toll_Like_Receptor_3_(TLR3)_Cascade 
"Toll_Like_Receptor_5_(TLR5)_Cascade 
"Toll_Like_Receptor_TLR1:TLR2_Cascade 
"Toll_Like_Receptor_7/8_(TLR7/8)_Cascade 
"Toll_Like_Receptor_TLR6:TLR2_Cascade 
"Innate_Immune_System 
"Influenza_Infection 
"Immune_System 
"Transport_of_Ribonucleoproteins_into_the_Host_Nucleus 
"Influenza_Viral_RNA_Transcription_and_Replication 
"Export_of_Viral_Ribonucleoproteins_from_Nucleus 
"NS1_Mediated_Effects_on_Host_Pathways 
"Viral_Messenger_RNA_Synthesis 
"NEP/NS2_Interacts_with_the_Cellular_Export_Machinery 
"NOD1/2_Signaling_Pathway 
"Nucleotide-binding_domain,_leucine_rich_repeat_containing_receptor_(NLR)_signaling_pathways 
"Neurotoxicity_of_clostridium_toxins 
"Toll-like_Receptor_Cascades 
"TICAM1,_RIP1-mediated_IKK_complex_recruitment 
"DDX58/IFIH1-mediated_induction_of_interferon-alpha/beta 
"Prolonged_ERK_activation_events 
"Regulation_of_Apoptosis 
"Adenylate_cyclase_activating_pathway 
"Adenylate_cyclase_inhibitory_pathway 
"Regulation_of_Glucokinase_by_Glucokinase_Regulatory_Protein 
"Signaling_by_TGF-beta_Receptor_Complex 
"Frs2-mediated_activation 
"ARMS-mediated_activation 
"p38MAPK_events 
"Packaging_Of_Telomere_Ends 
"Telomere_Extension_By_Telomerase 
"Classical_antibody-mediated_complement_activation 
"APC/C:Cdc20_mediated_degradation_of_Cyclin_B 
"Autodegradation_of_Cdh1_by_Cdh1:APC/C 
"SCF-beta-TrCP_mediated_degradation_of_Emi1 
"APC/C-mediated_degradation_of_cell_cycle_proteins 
"APC/C:Cdc20_mediated_degradation_of_Securin 
"APC/C:Cdh1_mediated_degradation_of_Cdc20_and_other_APC/C:Cdh1_targeted_proteins_in_late_mitosis/early_G1 
"Cdc20:Phospho-APC/C_mediated_degradation_of_Cyclin_A 
"Glutathione_synthesis_and_recycling 
"Polymerase_switching_on_the_C-strand_of_the_telomere 
"Processive_synthesis_on_the_C-strand_of_the_telomere 
"Telomere_C-strand_(Lagging_Strand)_Synthesis 
"Telomere_C-strand_synthesis_initiation 
"Removal_of_the_Flap_Intermediate_from_the_C-strand 
"Membrane_binding_and_targetting_of_GAG_proteins 
"Synthesis_And_Processing_Of_GAG,_GAGPOL_Polyproteins 
"Plasma_lipoprotein_assembly,_remodeling,_and_clearance 
"Assembly_Of_The_HIV_Virion 
"Interactions_of_Vpr_with_host_cellular_proteins 
"Activation_of_ATR_in_response_to_replication_stress 
"Conversion_from_APC/C:Cdc20_to_APC/C:Cdh1_in_late_anaphase 
"Regulation_of_APC/C_activators_between_G1/S_and_early_anaphase 
"APC/C:Cdc20_mediated_degradation_of_mitotic_proteins 
"Phosphorylation_of_the_APC/C 
"Phosphorylation_of_Emi1 
"Activation_of_APC/C_and_APC/C:Cdc20_mediated_degradation_of_mitotic_proteins 
"Unwinding_of_DNA 
"Interactions_of_Rev_with_host_cellular_proteins 
"Retrograde_neurotrophin_signalling 
"Signaling_by_EGFR 
"Chondroitin_sulfate/dermatan_sulfate_metabolism 
"APC-Cdc20_mediated_degradation_of_Nek2A 
"APC:Cdc20_mediated_degradation_of_cell_cycle_proteins_prior_to_satisfation_of_the_cell_cycle_checkpoint 
"GRB2_events_in_EGFR_signaling 
"SRP-dependent_cotranslational_protein_targeting_to_membrane 
"DARPP-32_events 
"GAB1_signalosome 
"SHC1_events_in_EGFR_signaling 
"Vpu_mediated_degradation_of_CD4 
"Vif-mediated_degradation_of_APOBEC3G 
"Nuclear_import_of_Rev_protein 
"Extension_of_Telomeres 
"Vpr-mediated_nuclear_import_of_PICs 
"RIP-mediated_NFkB_activation_via_ZBP1 
"Serotonin_Neurotransmitter_Release_Cycle 
"Norepinephrine_Neurotransmitter_Release_Cycle 
"Acetylcholine_binding_and_downstream_events 
"Toll_Like_Receptor_2_(TLR2)_Cascade 
"Nef_Mediated_CD8_Down-regulation 
"EGFR_downregulation 
"STING_mediated_induction_of_host_immune_responses 
"Cytosolic_sensors_of_pathogen-associated_DNA 
"Signaling_by_cytosolic_FGFR1_fusion_mutants 
"Signaling_by_activated_point_mutants_of_FGFR1 
"FGFR1_mutant_receptor_activation 
"FGFR2_mutant_receptor_activation 
"Signaling_by_activated_point_mutants_of_FGFR3 
"Organelle_biogenesis_and_maintenance 
"Synthesis_of_pyrophosphates_in_the_cytosol 
"Synthesis_of_IP2,_IP,_and_Ins_in_the_cytosol 
"Synthesis_of_IP3_and_IP4_in_the_cytosol 
"Regulation_of_beta-cell_development 
"Downstream_signal_transduction 
"Signaling_by_PDGF 
"Signaling_by_NTRK1_(TRKA) 
"SCF(Skp2)-mediated_degradation_of_p27/p21 
"Signalling_to_ERKs 
"Digestion_of_dietary_carbohydrate 
"Cellular_hexose_transport 
"Metabolism_of_porphyrins 
"Heme_biosynthesis 
"Heme_degradation 
"Signaling_by_FGFR 
"FGFR3_ligand_binding_and_activation 
"FGFR2_ligand_binding_and_activation 
"FGFR1_ligand_binding_and_activation 
"FGFR4_ligand_binding_and_activation 
"FGFR1b_ligand_binding_and_activation 
"FGFR3c_ligand_binding_and_activation 
"FGFR1c_ligand_binding_and_activation 
"FGFR2c_ligand_binding_and_activation 
"FGFR2b_ligand_binding_and_activation 
"Gap_junction_trafficking 
"Microtubule-dependent_trafficking_of_connexons_from_Golgi_to_the_plasma_membrane 
"Gap_junction_assembly 
"Transport_of_connexons_to_the_plasma_membrane 
"Gap_junction_degradation 
"Pre-NOTCH_Processing_in_the_Endoplasmic_Reticulum 
"Pre-NOTCH_Transcription_and_Translation 
"Pre-NOTCH_Processing_in_Golgi 
"Pre-NOTCH_Expression_and_Processing 
"Cholesterol_biosynthesis 
"snRNP_Assembly 
"Synthesis_of_bile_acids_and_bile_salts 
"Viral_mRNA_Translation 
"Androgen_biosynthesis 
"Synthesis_of_bile_acids_and_bile_salts_via_7alpha-hydroxycholesterol 
"Axonal_growth_inhibition_(RHOA_activation) 
"p75NTR_signals_via_NF-kB 
"NRAGE_signals_death_through_JNK 
"p75NTR_negatively_regulates_cell_cycle_via_SC1 
"Regulated_proteolysis_of_p75NTR 
"p75NTR_regulates_axonogenesis 
"p75_NTR_receptor-mediated_signalling 
"Synthesis_of_bile_acids_and_bile_salts_via_24-hydroxycholesterol 
"Synthesis_of_bile_acids_and_bile_salts_via_27-hydroxycholesterol 
"Glucocorticoid_biosynthesis 
"Bile_acid_and_bile_salt_metabolism 
"Signaling_by_VEGF 
"VEGF_ligand-receptor_interactions 
"Signaling_by_Rho_GTPases 
"Metabolism_of_non-coding_RNA 
"Degradation_of_beta-catenin_by_the_destruction_complex 
"RHO_GTPase_Effectors 
"VEGF_binds_to_VEGFR_leading_to_receptor_dimerization 
"Signaling_by_WNT 
"Formation_of_annular_gap_junctions 
"Metabolism_of_steroid_hormones 
"Pregnenolone_biosynthesis 
"Beta-catenin_phosphorylation_cascade 
"GRB2_events_in_ERBB2_signaling 
"PI3K_events_in_ERBB2_signaling 
"Cobalamin_(Cbl,_vitamin_B12)_transport_and_metabolism 
"Metabolism_of_folate_and_pterines 
"Biotin_transport_and_metabolism 
"Coenzyme_A_biosynthesis 
"Vitamin_D_(calciferol)_metabolism 
"Nicotinate_metabolism 
"Vitamin_C_(ascorbate)_metabolism 
"Vitamin_B2_(riboflavin)_metabolism 
"Metabolism_of_water-soluble_vitamins_and_cofactors 
"Metabolism_of_vitamins_and_cofactors 
"A_tetrasaccharide_linker_sequence_is_required_for_GAG_synthesis 
"Nicotinamide_salvaging 
"Signaling_by_NOTCH1 
"Signaling_by_NOTCH2 
"PI3K/AKT_activation 
"AKT_phosphorylates_targets_in_the_cytosol 
"AKT_phosphorylates_targets_in_the_nucleus 
"Nuclear_Events_(kinase_and_transcription_factor_activation) 
"ERK/MAPK_targets 
"Immunoregulatory_interactions_between_a_Lymphoid_and_a_non-Lymphoid_cell 
"PPARA_activates_gene_expression 
"Vitamin_B5_(pantothenate)_metabolism 
"Negative_regulation_of_the_PI3K/AKT_network 
"CREB_phosphorylation 
"ER_to_Golgi_Anterograde_Transport 
"Membrane_Trafficking 
"trans-Golgi_Network_Vesicle_Budding 
"Carnitine_metabolism 
"Signaling_by_BMP 
"Signaling_by_ALK 
"TCF_dependent_signaling_in_response_to_WNT 
"WNT_mediated_activation_of_DVL 
"Formation_of_the_beta-catenin:TCF_transactivating_complex 
"G-protein_activation 
"Metabolism_of_nitric_oxide:_NOS3_activation_and_regulation 
"Assembly_of_collagen_fibrils_and_other_multimeric_structures 
"Metabolism_of_Angiotensinogen_to_Angiotensins 
"Keratan_sulfate_biosynthesis 
"Keratan_sulfate_degradation 
"Chondroitin_sulfate_biosynthesis 
"Dermatan_sulfate_biosynthesis 
"HS-GAG_biosynthesis 
"TCR_signaling 
"HS-GAG_degradation 
"CS/DS_degradation 
"Downstream_TCR_signaling 
"Phosphorylation_of_CD3_and_TCR_zeta_chains 
"Translocation_of_ZAP-70_to_Immunological_synapse 
"Generation_of_second_messenger_molecules 
"Calcineurin_activates_NFAT 
"ERKs_are_inactivated 
"Cell_surface_interactions_at_the_vascular_wall 
"Signaling_by_Hippo 
"Fcgamma_receptor_(FCGR)_dependent_phagocytosis 
"FCGR_activation 
"Regulation_of_actin_dynamics_for_phagocytic_cup_formation 
"Role_of_phospholipids_in_phagocytosis 
"YAP1-_and_WWTR1_(TAZ)-stimulated_gene_expression 
"FGFR3_mutant_receptor_activation 
"Activated_point_mutants_of_FGFR2 
"eNOS_activation 
"MicroRNA_(miRNA)_biogenesis 
"COPII-mediated_vesicle_transport 
"Regulation_of_pyruvate_dehydrogenase_(PDH)_complex 
"alpha-linolenic_(omega3)_and_linoleic_(omega6)_acid_metabolism 
"Linoleic_acid_(LA)_metabolism 
"alpha-linolenic_acid_(ALA)_metabolism 
"Cell_death_signalling_via_NRAGE,_NRIF_and_NADE 
"NADE_modulates_death_signalling 
"NRIF_signals_cell_death_from_the_nucleus 
"p75NTR_recruits_signalling_complexes 
"NF-kB_is_activated_and_signals_survival 
"Metabolism_of_amine-derived_hormones 
"Thyroxine_biosynthesis 
"Glutamate_Neurotransmitter_Release_Cycle 
"Regulation_of_gene_expression_in_late_stage_(branching_morphogenesis)_pancreatic_bud_precursor_cells 
"Regulation_of_gene_expression_in_beta_cells 
"Regulation_of_gene_expression_in_early_pancreatic_precursor_cells 
"PECAM1_interactions 
"Basigin_interactions 
"Tie2_Signaling 
"Gene_Silencing_by_RNA 
"Regulation_of_activated_PAK-2p34_by_proteasome_mediated_degradation 
"Biological_oxidations 
"Cytochrome_P450_-_arranged_by_substrate_type 
"Fatty_acids 
"Phase_I_-_Functionalization_of_compounds 
"Miscellaneous_substrates 
"Endogenous_sterols 
"Eicosanoids 
"Xenobiotics 
"CYP2E1_reactions 
"Epigenetic_regulation_of_gene_expression 
"NOTCH1_Intracellular_Domain_Regulates_Transcription 
"Activated_NOTCH1_Transmits_Signal_to_the_Nucleus 
"PRC2_methylates_histones_and_DNA 
"Generic_Transcription_Pathway 
"Dopamine_Neurotransmitter_Release_Cycle 
"EGFR_interacts_with_phospholipase_C-gamma 
"Molecules_associated_with_elastic_fibres 
"MHC_class_II_antigen_presentation 
"Synthesis_of_5-eicosatetraenoic_acids 
"Synthesis_of_Leukotrienes_(LT)_and_Eoxins_(EX) 
"Synthesis_of_Lipoxins_(LX) 
"Synthesis_of_12-eicosatetraenoic_acid_derivatives 
"Arachidonic_acid_metabolism 
"Synthesis_of_15-eicosatetraenoic_acid_derivatives 
"Ubiquinol_biosynthesis 
"Hyaluronan_metabolism 
"Transcriptional_activation_of_mitochondrial_biogenesis 
"Activation_of_PPARGC1A_(PGC-1alpha)_by_phosphorylation 
"Integrin_cell_surface_interactions 
"Hyaluronan_uptake_and_degradation 
"Abacavir_transport_and_metabolism 
"Synthesis_of_Prostaglandins_(PG)_and_Thromboxanes_(TX) 
"Scavenging_of_heme_from_plasma 
"DAP12_interactions 
"Binding_and_Uptake_of_Ligands_by_Scavenger_Receptors 
"Downregulation_of_TGF-beta_receptor_signaling 
"TGF-beta_receptor_signaling_activates_SMADs 
"TGF-beta_receptor_signaling_in_EMT_(epithelial_to_mesenchymal_transition) 
"Transcriptional_activity_of_SMAD2/SMAD3:SMAD4_heterotrimer 
"Downregulation_of_SMAD2/3:SMAD4_transcriptional_activity 
"SMAD2/SMAD3:SMAD4_heterotrimer_regulates_transcription 
"EGFR_Transactivation_by_Gastrin 
"Visual_phototransduction 
"NOTCH2_intracellular_domain_regulates_transcription 
"Mucopolysaccharidoses 
"Anchoring_fibril_formation 
"PI3K/AKT_Signaling_in_Cancer 
"Constitutive_Signaling_by_Aberrant_PI3K_in_Cancer 
"Crosslinking_of_collagen_fibrils 
"Cellular_responses_to_stress 
"Condensation_of_Prophase_Chromosomes 
"Phosphate_bond_hydrolysis_by_NUDT_proteins 
"Signaling_by_Type_1_Insulin-like_Growth_Factor_1_Receptor_(IGF1R) 
"Metabolism_of_ingested_SeMet,_Sec,_MeSec_into_H2Se 
"Selenoamino_acid_metabolism 
"Selenocysteine_synthesis 
"DAP12_signaling 
"Activation_of_gene_expression_by_SREBF_(SREBP) 
"IGF1R_signaling_cascade 
"IRS-related_events_triggered_by_IGF1R 
"SHC-related_events_triggered_by_IGF1R 
"Retinoid_cycle_disease_events 
"The_canonical_retinoid_cycle_in_rods_(twilight_vision) 
"Fc_epsilon_receptor_(FCERI)_signaling 
"MASTL_Facilitates_Mitotic_Progression 
"Separation_of_Sister_Chromatids 
"Establishment_of_Sister_Chromatid_Cohesion 
"Cohesin_Loading_onto_Chromatin 
"Diseases_associated_with_visual_transduction 
"Activation_of_the_phototransduction_cascade 
"Resolution_of_Sister_Chromatid_Cohesion 
"Condensation_of_Prometaphase_Chromosomes 
"The_phototransduction_cascade 
"Inactivation,_recovery_and_regulation_of_the_phototransduction_cascade 
"Interaction_With_Cumulus_Cells_And_The_Zona_Pellucida 
"Mitotic_Metaphase_and_Anaphase 
"Oxidative_Stress_Induced_Senescence 
"Senescence-Associated_Secretory_Phenotype_(SASP) 
"Cellular_Senescence 
"Formation_of_Senescence-Associated_Heterochromatin_Foci_(SAHF) 
"Oncogene_Induced_Senescence 
"DNA_Damage/Telomere_Stress_Induced_Senescence 
"TRIF-mediated_programmed_cell_death 
"Cytosolic_iron-sulfur_cluster_assembly 
"Regulation_of_PLK1_Activity_at_G2/M_Transition 
"Signaling_by_Leptin 
"Signaling_by_NOTCH1_PEST_Domain_Mutants_in_Cancer 
"Signaling_by_NOTCH1_in_Cancer 
"Constitutive_Signaling_by_NOTCH1_PEST_Domain_Mutants 
"Acetylcholine_Neurotransmitter_Release_Cycle 
"Caspase-mediated_cleavage_of_cytoskeletal_proteins 
"Insulin_processing 
"Signaling_by_NOTCH1_t(7;9)(NOTCH1:M1580_K2555)_Translocation_Mutant 
"Constitutive_Signaling_by_NOTCH1_t(7;9)(NOTCH1:M1580_K2555)_Translocation_Mutant 
"Stimuli-sensing_channels 
"EPH-Ephrin_signaling 
"Signaling_by_NOTCH1_HD_Domain_Mutants_in_Cancer 
"Constitutive_Signaling_by_NOTCH1_HD_Domain_Mutants 
"Role_of_LAT2/NTAL/LAB_on_calcium_mobilization 
"FCERI_mediated_MAPK_activation 
"FCERI_mediated_Ca+2_mobilization 
"FCERI_mediated_NF-kB_activation 
"POU5F1_(OCT4),_SOX2,_NANOG_activate_genes_related_to_proliferation 
"Signaling_by_NOTCH1_HD+PEST_Domain_Mutants_in_Cancer 
"Constitutive_Signaling_by_NOTCH1_HD+PEST_Domain_Mutants 
"NOTCH2_Activation_and_Transmission_of_Signal_to_the_Nucleus 
"Peptide_hormone_metabolism 
"Nuclear_Envelope_Breakdown 
"Activation_of_NIMA_Kinases_NEK9,_NEK6,_NEK7 
"SUMOylation 
"Initiation_of_Nuclear_Envelope_(NE)_Reformation 
"Nuclear_Envelope_(NE)_Reassembly 
"Laminin_interactions 
"Syndecan_interactions 
"Non-integrin_membrane-ECM_interactions 
"ECM_proteoglycans 
"Scavenging_by_Class_A_Receptors 
"Scavenging_by_Class_F_Receptors 
"SUMO_is_transferred_from_E1_to_E2_(UBE2I,_UBC9) 
"SUMO_is_proteolytically_processed 
"SUMOylation_of_DNA_damage_response_and_repair_proteins 
"SUMO_E3_ligases_SUMOylate_target_proteins 
"DEx/H-box_helicases_activate_type_I_IFN_and_inflammatory_cytokines_production 
"Regulation_of_innate_immune_responses_to_cytosolic_DNA 
"HDACs_deacetylate_histones 
"PKMTs_methylate_histone_lysines 
"HDMs_demethylate_histones 
"HATs_acetylate_histones 
"RMTs_methylate_histone_arginines 
"Processing_and_activation_of_SUMO 
"Glycogen_storage_diseases 
"SUMOylation_of_transcription_factors 
"SUMOylation_of_ubiquitinylation_proteins 
"WNT_ligand_biogenesis_and_trafficking 
"Chromatin_modifying_enzymes 
"IRF3-mediated_induction_of_type_I_IFN 
"TRP_channels 
"Defects_in_cobalamin_(B12)_metabolism 
"Defects_in_vitamin_and_cofactor_metabolism 
"Detoxification_of_Reactive_Oxygen_Species 
"Nuclear_Pore_Complex_(NPC)_Disassembly 
"Loss_of_Function_of_SMAD2/3_in_Cancer 
"Signaling_by_TGF-beta_Receptor_Complex_in_Cancer 
"SMAD2/3_Phosphorylation_Motif_Mutants_in_Cancer 
"Glycogen_synthesis 
"Defects_in_biotin_(Btn)_metabolism 
"Regulation_by_c-FLIP 
"Regulation_of_HSF1-mediated_heat_shock_response 
"HSP90_chaperone_cycle_for_steroid_hormone_receptors_(SHR)_in_the_presence_of_ligand 
"HSF1_activation 
"Cellular_response_to_heat_stress 
"Attenuation_phase 
"HSF1-dependent_transactivation 
"Defective_HLCS_causes_multiple_carboxylase_deficiency 
"Autodegradation_of_the_E3_ubiquitin_ligase_COP1 
"Notch-HLH_transcription_pathway 
"Regulation_of_ornithine_decarboxylase_(ODC) 
"Metabolism_of_polyamines 
"Apoptotic_cleavage_of_cell_adhesion__proteins 
"Amino_acid_transport_across_the_plasma_membrane 
"Integrin_signaling 
"GRB2:SOS_provides_linkage_to_MAPK_signaling_for_Integrins 
"Diseases_associated_with_glycosaminoglycan_metabolism 
"Defective_B4GALT7_causes_EDS,_progeroid_type 
"Defective_B3GAT3_causes_JDSSDHD 
"Defective_CHST3_causes_SEDCJD 
"Defective_CHST14_causes_EDS,_musculocontractural_type 
"Defective_CHSY1_causes_TPBS 
"Defective_EXT2_causes_exostoses_2 
"Defective_ST3GAL3_causes_MCT12_and_EIEE15 
"Defective_B4GALT1_causes_B4GALT1-CDG_(CDG-2d) 
"Defective_EXT1_causes_exostoses_1,_TRPS2_and_CHDS 
"TGFBR1_KD_Mutants_in_Cancer 
"Loss_of_Function_of_TGFBR1_in_Cancer 
"Transcriptional_Regulation_by_TP53 
"p130Cas_linkage_to_MAPK_signaling_for_integrins 
"Signaling_by_GPCR 
"Class_A/1_(Rhodopsin-like_receptors) 
"Class_B/2_(Secretin_family_receptors) 
"Netrin-1_signaling 
"Nephrin_family_interactions 
"Semaphorin_interactions 
"L1CAM_interactions 
"NCAM_signaling_for_neurite_out-growth 
"Peptide_ligand-binding_receptors 
"Amine_ligand-binding_receptors 
"Hormone_ligand-binding_receptors 
"DSCAM_interactions 
"Signaling_by_ROBO_receptors 
"Deactivation_of_the_beta-catenin_transactivating_complex 
"Negative_regulation_of_TCF-dependent_signaling_by_WNT_ligand_antagonists 
"Diseases_associated_with_N-glycosylation_of_proteins 
"Diseases_of_glycosylation 
"Myoclonic_epilepsy_of_Lafora 
"Cytosolic_tRNA_aminoacylation 
"tRNA_Aminoacylation 
"Mitochondrial_tRNA_aminoacylation 
"Chemokine_receptors_bind_chemokines 
"Loss_of_Nlp_from_mitotic_centrosomes 
"Recruitment_of_mitotic_centrosome_proteins_and_complexes 
"Loss_of_proteins_required_for_interphase_microtubule_organization_from_the_centrosome 
"Centrosome_maturation 
"Recruitment_of_NuMA_to_mitotic_centrosomes 
"Energy_dependent_regulation_of_mTOR_by_LKB1-AMPK 
"ATF4_activates_genes_in_response_to_endoplasmic_reticulum__stress 
"ATF6_(ATF6-alpha)_activates_chaperones 
"XBP1(S)_activates_chaperone_genes 
"PERK_regulates_gene_expression 
"IRE1alpha_activates_chaperones 
"Unfolded_Protein_Response_(UPR) 
"ATF6_(ATF6-alpha)_activates_chaperone_genes 
"Transcriptional_regulation_of_white_adipocyte_differentiation 
"Regulation_of_Insulin-like_Growth_Factor_(IGF)_transport_and_uptake_by_Insulin-like_Growth_Factor_Binding_Proteins_(IGFBPs) 
"Glucagon-like_Peptide-1_(GLP1)_regulates_insulin_secretion 
"Olfactory_Signaling_Pathway 
"Synthesis,_secretion,_and_inactivation_of_Glucagon-like_Peptide-1_(GLP-1) 
"Transport_of_small_molecules 
"ABC-family_proteins_mediated_transport 
"Nuclear_Receptor_transcription_pathway 
"Beta-catenin_independent_WNT_signaling 
"GPCR_downstream_signalling 
"Costimulation_by_the_CD28_family 
"Receptor-type_tyrosine-protein_phosphatases 
"CD28_co-stimulation 
"CD28_dependent_PI3K/Akt_signaling 
"CD28_dependent_Vav1_pathway 
"CTLA4_inhibitory_signaling 
"Alpha-oxidation_of_phytanate 
"Glyoxylate_metabolism_and_glycine_degradation 
"Beta-oxidation_of_pristanoyl-CoA 
"SUMOylation_of_transcription_cofactors 
"PD-1_signaling 
"Prefoldin_mediated_transfer_of_substrate__to_CCT/TriC 
"Cooperation_of_Prefoldin_and_TriC/CCT__in_actin_and_tubulin_folding 
"Formation_of_tubulin_folding_intermediates_by_CCT/TriC 
"Post-chaperonin_tubulin_folding_pathway 
"Beta-oxidation_of_very_long_chain_fatty_acids 
"Folding_of_actin_by_CCT/TriC 
"Chaperonin-mediated_protein_folding 
"Association_of_TriC/CCT_with_target_proteins_during_biosynthesis 
"Striated_Muscle_Contraction 
"Adrenoceptors 
"Diseases_associated_with_O-glycosylation_of_proteins 
"Peroxisomal_lipid_metabolism 
"Signal_regulatory_protein_family_interactions 
"Protein_folding 
"Eicosanoid_ligand-binding_receptors 
"Prostanoid_ligand_receptors 
"Nitric_oxide_stimulates_guanylate_cyclase 
"ADP_signalling_through_P2Y_purinoceptor_12 
"G_beta:gamma_signalling_through_PI3Kgamma 
"Metabolism_of_proteins 
"Rap1_signalling 
"Signal_amplification 
"Prostacyclin_signalling_through_prostacyclin_receptor 
"EPHB-mediated_forward_signaling 
"EPHA-mediated_growth_cone_collapse 
"Ephrin_signaling 
"EPH-ephrin_mediated_repulsion_of_cells 
"Muscle_contraction 
"G-protein_beta:gamma_signalling 
"Trafficking_of_AMPA_receptors 
"Glutamate_binding,_activation_of_AMPA_receptors_and_synaptic_plasticity 
"Sema3A_PAK_dependent_Axon_repulsion 
"SEMA3A-Plexin_repulsion_signaling_by_inhibiting_Integrin_adhesion 
"CRMPs_in_Sema3A_signaling 
"Acetylcholine_regulates_insulin_secretion 
"Adrenaline,noradrenaline_inhibits_insulin_secretion 
"Regulation_of_lipid_metabolism_by_PPARalpha 
"Circadian_Clock 
"Free_fatty_acids_regulate_insulin_secretion 
"Incretin_synthesis,_secretion,_and_inactivation 
"Synthesis,_secretion,_and_inactivation_of_Glucose-dependent_Insulinotropic_Polypeptide_(GIP) 
"Sema4D_in_semaphorin_signaling 
"Sialic_acid_metabolism 
"SUMOylation_of_SUMOylation_proteins 
"Ca2+_pathway 
"PCP/CE_pathway 
"SUMOylation_of_intracellular_receptors 
"G_alpha_(q)_signalling_events 
"G_alpha_(12/13)_signalling_events 
"Sema4D_mediated_inhibition_of_cell_attachment_and_migration 
"Sema4D_induced_cell_migration_and_growth-cone_collapse 
"Other_semaphorin_interactions 
"Trafficking_of_GluR2-containing_AMPA_receptors 
"P2Y_receptors 
"Nucleotide-like_(purinergic)_receptors 
"G_beta:gamma_signalling_through_PLC_beta 
"Platelet_homeostasis 
"Reduction_of_cytosolic_Ca++_levels 
"Platelet_calcium_homeostasis 
"cGMP_effects 
"G_alpha_(s)_signalling_events 
"ADP_signalling_through_P2Y_purinoceptor_1 
"G_alpha_(i)_signalling_events 
"G_alpha_(z)_signalling_events 
"DCC_mediated_attractive_signaling 
"Caspase_activation_via_Dependence_Receptors_in_the_absence_of_ligand 
"Role_of_second_messengers_in_netrin-1_signaling 
"Adherens_junctions_interactions 
"NCAM1_interactions 
"Lysosphingolipid_and_LPA_receptors 
"Opsins 
"Calcitonin-like_ligand_receptors 
"Tight_junction_interactions 
"Glucagon-type_ligand_receptors 
"Class_C/3_(Metabotropic_glutamate/pheromone_receptors) 
"Nectin/Necl__trans_heterodimerization 
"Cell-cell_junction_organization 
"Synthesis,_secretion,_and_deacylation_of_Ghrelin 
"Regulation_of_insulin_secretion 
"Axon_guidance 
"Transport_of_bile_salts_and_organic_acids,_metal_ions_and_amine_compounds 
"Bicarbonate_transporters 
"Transport_of_inorganic_cations/anions_and_amino_acids/oligopeptides 
"Transport_of_vitamins,_nucleosides,_and_related_molecules 
"SLC-mediated_transmembrane_transport 
"Metal_ion_SLC_transporters 
"Sodium/Calcium_exchangers 
"Sodium/Proton_exchangers 
"Cation-coupled_Chloride_cotransporters 
"Small_interfering_RNA_(siRNA)_biogenesis 
"Post-transcriptional_silencing_by_small_RNAs 
"SIRT1_negatively_regulates_rRNA_expression 
"ERCC6_(CSB)_and_EHMT2_(G9a)_positively_regulate_rRNA_expression 
"NoRC_negatively_regulates_rRNA_expression 
"Multifunctional_anion_exchangers 
"Sphingolipid_metabolism 
"Activation_of_RAC1 
"Regulation_of_commissural_axon_pathfinding_by_SLIT_and_ROBO 
"Inactivation_of_CDC42_and_RAC1 
"Organic_anion_transporters 
"Role_of_ABL_in_ROBO-SLIT_signaling 
"Thromboxane_signalling_through_TP_receptor 
"Deadenylation-dependent_mRNA_decay 
"Deadenylation_of_mRNA 
"mRNA_decay_by_3'_to_5'_exoribonuclease 
"mRNA_decay_by_5'_to_3'_exoribonuclease 
"GP1b-IX-V_activation_signalling 
"Vasopressin_regulates_renal_water_homeostasis_via_Aquaporins 
"Passive_transport_by_Aquaporins 
"Platelet_sensitization_by_LDL 
"Lysosome_Vesicle_Biogenesis 
"Golgi_Associated_Vesicle_Biogenesis 
"Fatty_Acids_bound_to_GPR40_(FFAR1)_regulate_insulin_secretion 
"Zinc_transporters 
"Zinc_efflux_and_compartmentalization_by_the_SLC30_family 
"Recycling_pathway_of_L1 
"Post_NMDA_receptor_activation_events 
"Unblocking_of_NMDA_receptors,_glutamate_binding_and_activation 
"Binding_of_TCF/LEF:CTNNB1_to_target_gene_promoters 
"Depolymerisation_of_the_Nuclear_Lamina 
"VEGFA-VEGFR2_Pathway 
"Defective_B3GALT6_causes_EDSP2_and_SEMDJL1 
"Zinc_influx_into_cells_by_the_SLC39_gene_family 
"Na+/Cl-_dependent_neurotransmitter_transporters 
"CREB1_phosphorylation_through_the_activation_of_Adenylate_Cyclase 
"CREB1_phosphorylation_through_the_activation_of_CaMKII/CaMKK/CaMKIV_cascasde 
"CREB1_phosphorylation_through_NMDA_receptor-mediated_activation_of_RAS_signaling 
"Activation_of_NMDA_receptors_and_postsynaptic_events 
"Ras_activation_upon_Ca2+_influx_through_NMDA_receptor 
"RSK_activation 
"Formyl_peptide_receptors_bind_formyl_peptides_and_many_other_ligands 
"Interaction_between_L1_and_Ankyrins 
"Signal_transduction_by_L1 
"Smooth_Muscle_Contraction 
"Aquaporin-mediated_transport 
"TAK1_activates_NFkB_by_phosphorylation_and_activation_of_IKKs_complex 
"Type_I_hemidesmosome_assembly 
"Biosynthesis_of_the_N-glycan_precursor_(dolichol_lipid-linked_oligosaccharide,_LLO)_and_transfer_to_a_nascent_protein 
"Synthesis_of_Dolichyl-phosphate 
"Asparagine_N-linked_glycosylation 
"Synthesis_of_UDP-N-acetyl-glucosamine 
"Synthesis_of_substrates_in_N-glycan_biosythesis 
"Cell-extracellular_matrix_interactions 
"Regulation_of_cytoskeletal_remodeling_and_cell_spreading_by_IPP_complex_components 
"Interleukin-1_family_signaling 
"Cell_junction_organization 
"NrCAM_interactions 
"CHL1_interactions 
"Interleukin-12_family_signaling 
"Interleukin-17_signaling 
"Interleukin-1_processing 
"Signaling_by_Interleukins 
"Other_interleukin_signaling 
"MAPK_targets/_Nuclear_events_mediated_by_MAP_kinases 
"MAP_kinase_activation 
"activated_TAK1_mediates_p38_MAPK_activation 
"JNK_(c-Jun_kinases)_phosphorylation_and__activation_mediated_by_activated_human_TAK1 
"Activation_of_the_AP-1_family_of_transcription_factors 
"Butyrate_Response_Factor_1_(BRF1)_binds_and_destabilizes_mRNA 
"AUF1_(hnRNP_D0)_binds_and_destabilizes_mRNA 
"Tristetraprolin_(TTP,_ZFP36)_binds_and_destabilizes_mRNA 
"HuR_(ELAVL1)_binds_and_stabilizes_mRNA 
"Regulation_of_mRNA_stability_by_proteins_that_bind_AU-rich_elements 
"KSRP_(KHSRP)_binds_and_destabilizes_mRNA 
"Ionotropic_activity_of_kainate_receptors 
"Activation_of_Ca-permeable_Kainate_Receptor 
"Activation_of_kainate_receptors_upon_glutamate_binding 
"Interleukin-2_family_signaling 
"Transcriptional_regulation_of_pluripotent_stem_cells 
"Mitotic_G2-G2/M_phases 
"Regulation_of_mitotic_cell_cycle 
"Mitotic_G1_phase_and_G1/S_transition 
"SUMOylation_of_chromatin_organization_proteins 
"Thrombin_signalling_through_proteinase_activated_receptors_(PARs) 
"SUMOylation_of_RNA_binding_proteins 
"Asymmetric_localization_of_PCP_proteins 
"SUMOylation_of_DNA_replication_proteins 
"Degradation_of_AXIN 
"Degradation_of_DVL 
"Disassembly_of_the_destruction_complex_and_recruitment_of_AXIN_to_the_membrane 
"Regulation_of_FZD_by_ubiquitination 
"Repression_of_WNT_target_genes 
"SUMOylation_of_DNA_methylation_proteins 
"SUMOylation_of_immune_response_proteins 
"Signaling_by_WNT_in_cancer 
"Chromatin_organization 
"Signaling_by_AXIN_mutants 
"Signaling_by_CTNNB1_phospho-site_mutants 
"Signaling_by_APC_mutants 
"Signaling_by_AMER1_mutants 
"Interconversion_of_nucleotide_di-_and_triphosphates 
"Presynaptic_function_of_Kainate_receptors 
"GPCR_ligand_binding 
"Defective_GALNT3_causes_HFTC 
"Defective_C1GALT1C1_causes_TNPS 
"Defective_B3GALTL_causes_PpS 
"Defective_GALNT12_causes_CRCS1 
"WNT5A-dependent_internalization_of_FZD4 
"Interleukin-3,_Interleukin-5_and_GM-CSF_signaling 
"WNT5A-dependent_internalization_of_FZD2,_FZD5_and_ROR2 
"O-linked_glycosylation 
"O-glycosylation_of_TSR_domain-containing_proteins 
"Mitophagy 
"PINK1-PRKN_Mediated_Mitophagy 
"Uptake_and_function_of_anthrax_toxins 
"RIPK1-mediated_regulated_necrosis 
"Regulated_Necrosis 
"CASP8_activity_is_inhibited 
"VEGFR2_mediated_vascular_permeability 
"VEGFR2_mediated_cell_proliferation 
"Miscellaneous_transport_and_binding_events 
"Positive_epigenetic_regulation_of_rRNA_expression 
"B-WICH_complex_positively_regulates_rRNA_expression 
"Negative_epigenetic_regulation_of_rRNA_expression 
"Myogenesis 
"Diseases_of_Immune_System 
"N-glycan_trimming_in_the_ER_and_Calnexin/Calreticulin_cycle 
"DNA_methylation 
"Uptake_and_actions_of_bacterial_toxins 
"Signaling_by_GSK3beta_mutants 
"Signaling_by_LRP5_mutants 
"Signaling_by_RNF43_mutants 
"Caspase_activation_via_extrinsic_apoptotic_signalling_pathway 
"TNFR1-induced_proapoptotic_signaling 
"Programmed_Cell_Death 
"Regulation_of_TNFR1_signaling 
"TNFR1-induced_NFkappaB_signaling_pathway 
"Hedgehog_ligand_biogenesis 
"Signaling_by_Hedgehog 
"Synthesis_of_diphthamide-EEF2 
"Mismatch_Repair 
"Mismatch_repair_(MMR)_directed_by_MSH2:MSH6_(MutSalpha) 
"Mismatch_repair_(MMR)_directed_by_MSH2:MSH3_(MutSbeta) 
"S33_mutants_of_beta-catenin_aren't_phosphorylated 
"S37_mutants_of_beta-catenin_aren't_phosphorylated 
"S45_mutants_of_beta-catenin_aren't_phosphorylated 
"T41_mutants_of_beta-catenin_aren't_phosphorylated 
"Signaling_by_Retinoic_Acid 
"Hh_mutants_are_degraded_by_ERAD 
"Release_of_Hh-Np_from_the_secreting_cell 
"RA_biosynthesis_pathway 
"Mitochondrial_translation_initiation 
"Mitochondrial_translation 
"Hh_mutants_abrogate_ligand_secretion 
"Mitochondrial_translation_elongation 
"Mitochondrial_translation_termination 
"Aflatoxin_activation_and_detoxification 
"APC_truncation_mutants_have_impaired_AXIN_binding 
"AXIN_missense_mutants_destabilize_the_destruction_complex 
"Truncations_of_AMER1_destabilize_the_destruction_complex 
"Organic_cation_transport 
"Organic_cation/anion/zwitterion_transport 
"Metabolism_of_lipids 
"Phase_4_-_resting_membrane_potential 
"Phase_3_-_rapid_repolarisation 
"Cardiac_conduction 
"Phase_0_-_rapid_depolarisation 
"Phase_2_-_plateau_phase 
"Transcriptional_regulation_by_small_RNAs 
"Physiological_factors 
"Ion_homeostasis 
"Metabolic_disorders_of_biological_oxidation_enzymes 
"PIWI-interacting_RNA_(piRNA)_biogenesis 
"Diseases_associated_with_the_TLR_signaling_cascade 
"MyD88_deficiency_(TLR2/4) 
"IkBA_variant_leads_to_EDA-ID 
"IRAK4_deficiency_(TLR2/4) 
"Dectin-1_mediated_noncanonical_NF-kB_signaling 
"CLEC7A_(Dectin-1)_induces_NFAT_activation 
"CLEC7A_(Dectin-1)_signaling 
"Diseases_associated_with_glycosylation_precursor_biosynthesis 
"Degradation_of_GLI1_by_the_proteasome 
"Degradation_of_GLI2_by_the_proteasome 
"GLI3_is_processed_to_GLI3R_by_the_proteasome 
"Hedgehog_'off'_state 
"Activation_of_anterior_HOX_genes_in_hindbrain_development_during_early_embryogenesis 
"Cilium_Assembly 
"ABC_transporter_disorders 
"SLC_transporter_disorders 
"Defective_TPR_may_confer_susceptibility_towards_thyroid_papillary_carcinoma_(TPC) 
"Disorders_of_transmembrane_transporters 
"Activation_of_HOX_genes_during_differentiation 
"Anchoring_of_the_basal_body_to_the_plasma_membrane 
"VxPx_cargo-targeting_to_cilium 
"Cargo_trafficking_to_the_periciliary_membrane 
"BBSome-mediated_cargo-targeting_to_cilium 
"Intraflagellar_transport 
"Pyroptosis 
"Dectin-2_family 
"C-type_lectin_receptors_(CLRs) 
"CD209_(DC-SIGN)_signaling 
"RHO_GTPases_activate_PKNs 
"Activated_PKN1_stimulates_transcription_of_AR_(androgen_receptor)_regulated_genes_KLK2_and_KLK3 
"RHO_GTPases_activate_CIT 
"RHO_GTPases_activate_KTN1 
"RHO_GTPases_activate_IQGAPs 
"TNFR1-mediated_ceramide_production 
"RHO_GTPases_Activate_ROCKs 
"RHO_GTPases_activate_PAKs 
"TP53_Regulates_Metabolic_Genes 
"Ligand-receptor_interactions 
"Hedgehog_'on'_state 
"Regulation_of_TP53_Activity 
"TP53_Regulates_Transcription_of_Cell_Death_Genes 
"Activation_of_SMO 
"Constitutive_Signaling_by_EGFRvIII 
"Signaling_by_EGFRvIII_in_Cancer 
"Signaling_by_Ligand-Responsive_EGFR_Variants_in_Cancer 
"Signaling_by_Overexpressed_Wild-Type_EGFR_in_Cancer 
"Inhibition_of_Signaling_by_Overexpressed_EGFR 
"APEX1-Independent_Resolution_of_AP_Sites_via_the_Single_Nucleotide_Replacement_Pathway 
"PCNA-Dependent_Long_Patch_Base_Excision_Repair 
"Fructose_metabolism 
"Vesicle-mediated_transport 
"Phospholipase_C-mediated_cascade:_FGFR1 
"Phospholipase_C-mediated_cascade;_FGFR2 
"Phospholipase_C-mediated_cascade;_FGFR3 
"Phospholipase_C-mediated_cascade;_FGFR4 
"Downstream_signaling_of_activated_FGFR1 
"SHC-mediated_cascade:FGFR1 
"PI-3K_cascade:FGFR1 
"FRS-mediated_FGFR1_signaling 
"PI-3K_cascade:FGFR2 
"Downstream_signaling_of_activated_FGFR2 
"SHC-mediated_cascade:FGFR2 
"FRS-mediated_FGFR2_signaling 
"SHC-mediated_cascade:FGFR3 
"FRS-mediated_FGFR3_signaling 
"Downstream_signaling_of_activated_FGFR3 
"PI-3K_cascade:FGFR3 
"FRS-mediated_FGFR4_signaling 
"Downstream_signaling_of_activated_FGFR4 
"SHC-mediated_cascade:FGFR4 
"PI-3K_cascade:FGFR4 
"Negative_regulation_of_FGFR1_signaling 
"Negative_regulation_of_FGFR2_signaling 
"Negative_regulation_of_FGFR3_signaling 
"Negative_regulation_of_FGFR4_signaling 
"Signaling_by_FGFR1 
"Signaling_by_FGFR2 
"Signaling_by_FGFR3 
"Signaling_by_FGFR4 
"Signaling_by_FGFR2_in_disease 
"Signaling_by_FGFR4_in_disease 
"Signaling_by_FGFR1_in_disease 
"Signaling_by_FGFR3_in_disease 
"Translesion_synthesis_by_POLK 
"Translesion_synthesis_by_POLI 
"Termination_of_translesion_DNA_synthesis 
"Regulation_of_RAS_by_GAPs 
"FGFRL1_modulation_of_FGFR1_signaling 
"Response_to_metal_ions 
"CLEC7A/inflammasome_pathway 
"Metallothioneins_bind_metals 
"Diseases_of_carbohydrate_metabolism 
"Diseases_of_signal_transduction_by_growth_factor_receptors_and_second_messengers 
"Infectious_disease 
"RHO_GTPases_Activate_WASPs_and_WAVEs 
"RHO_GTPases_Activate_Formins 
"RHO_GTPases_Activate_Rhotekin_and_Rhophilins 
"TNFR2_non-canonical_NF-kB_pathway 
"RHO_GTPases_Activate_NADPH_Oxidases 
"Diseases_of_metabolism 
"TNFs_bind_their_physiological_receptors 
"RAF_activation 
"RAF/MAP_kinase_cascade 
"MAP2K_and_MAPK_activation 
"Constitutive_Signaling_by_AKT1_E17K_in_Cancer 
"Negative_feedback_regulation_of_MAPK_pathway 
"Negative_regulation_of_MAPK_pathway 
"Regulation_of_necroptotic_cell_death 
"NIK-->noncanonical_NF-kB_signaling 
"TNF_receptor_superfamily_(TNFSF)_members_mediating_non-canonical_NF-kB_pathway 
"Protein_repair 
"Defective_CFTR_causes_cystic_fibrosis 
"LGI-ADAM_interactions 
"MAPK_family_signaling_cascades 
"Surfactant_metabolism 
"MAP3K8_(TPL2)-dependent_MAPK1/3_activation 
"MAPK1/MAPK3_signaling 
"HDR_through_Single_Strand_Annealing_(SSA) 
"HDR_through_MMEJ_(alt-NHEJ) 
"HDR_through_Homologous_Recombination_(HRR) 
"Regulation_of_TLR_by_endogenous_ligand 
"MAPK6/MAPK4_signaling 
"Diseases_associated_with_surfactant_metabolism 
"Deubiquitination 
"Defective_CSF2RB_causes_SMDP5 
"Defective_CSF2RA_causes_SMDP4 
"UCH_proteinases 
"Josephin_domain_DUBs 
"Ub-specific_processing_proteases 
"Ovarian_tumor_domain_proteases 
"Metalloprotease_DUBs 
"DNA_Double-Strand_Break_Repair 
"Resolution_of_D-Loop_Structures 
"Homology_Directed_Repair 
"Sensing_of_DNA_Double_Strand_Breaks 
"Resolution_of_D-loop_Structures_through_Synthesis-Dependent_Strand_Annealing_(SDSA) 
"Recruitment_and_ATM-mediated_phosphorylation_of_repair_and_signaling_proteins_at_DNA_double_strand_breaks 
"HDR_through_Homologous_Recombination_(HRR)_or_Single_Strand_Annealing_(SSA) 
"Resolution_of_D-loop_Structures_through_Holliday_Junction_Intermediates 
"Nonhomologous_End-Joining_(NHEJ) 
"Homologous_DNA_Pairing_and_Strand_Exchange 
"DNA_Double_Strand_Break_Response 
"Processing_of_DNA_double-strand_break_ends 
"Presynaptic_phase_of_homologous_DNA_pairing_and_strand_exchange 
"Cargo_concentration_in_the_ER 
"DNA_Damage_Recognition_in_GG-NER 
"Formation_of_Incision_Complex_in_GG-NER 
"Gap-filling_DNA_repair_synthesis_and_ligation_in_GG-NER 
"Nucleotide_Excision_Repair 
"Global_Genome_Nucleotide_Excision_Repair_(GG-NER) 
"Dual_Incision_in_GG-NER 
"Post-translational_protein_modification 
"Deposition_of_new_CENPA-containing_nucleosomes_at_the_centromere 
"Respiratory_electron_transport 
"Inflammasomes 
"Presynaptic_nicotinic_acetylcholine_receptors 
"Postsynaptic_nicotinic_acetylcholine_receptors 
"Highly_calcium_permeable_postsynaptic_nicotinic_acetylcholine_receptors 
"RNA_Polymerase_II_Pre-transcription_Events 
"Formation_of_TC-NER_Pre-Incision_Complex 
"Transcription-Coupled_Nucleotide_Excision_Repair_(TC-NER) 
"Dual_incision_in_TC-NER 
"Gap-filling_DNA_repair_synthesis_and_ligation_in_TC-NER 
"tRNA_modification_in_the_nucleus_and_cytosol 
"Synthesis_of_wybutosine_at_G37_of_tRNA(Phe) 
"Fanconi_Anemia_Pathway 
"Interleukin-6_family_signaling 
"Interleukin-10_signaling 
"tRNA_processing_in_the_nucleus 
"ERBB2_Regulates_Cell_Motility 
"Interleukin-4_and_Interleukin-13_signaling 
"tRNA_modification_in_the_mitochondrion 
"GDP-fucose_biosynthesis 
"IL-6-type_cytokine_receptor_ligand_interactions 
"rRNA_modification_in_the_nucleus_and_cytosol 
"Major_pathway_of_rRNA_processing_in_the_nucleolus_and_cytosol 
"TP53_Regulates_Transcription_of_Cell_Cycle_Genes 
"rRNA_modification_in_the_mitochondrion 
"Neurexins_and_neuroligins 
"Protein-protein_interactions_at_synapses 
"TP53_Regulates_Transcription_of_DNA_Repair_Genes 
"Choline_catabolism 
"Neutrophil_degranulation 
"Complex_I_biogenesis 
"Signaling_by_moderate_kinase_activity_BRAF_mutants 
"Signaling_by_high-kinase_activity_BRAF_mutants 
"Signaling_by_RAS_mutants 
"Signaling_by_BRAF_and_RAF1_fusions 
"RAS_signaling_downstream_of_NF1_loss-of-function_variants 
"Paradoxical_activation_of_RAF_signaling_by_kinase_inactive_BRAF 
"Oncogenic_MAPK_signaling 
"Antimicrobial_peptides 
"TP53_Regulates_Transcription_of_Genes_Involved_in_Cytochrome_C_Release 
"TP53_regulates_transcription_of_several_additional_cell_death_genes_whose_specific_roles_in_p53-dependent_apoptosis_remain_uncertain 
"TP53_Regulates_Transcription_of_Caspase_Activators_and_Caspases 
"TP53_Regulates_Transcription_of_Death_Receptors_and_Ligands 
"FGFR2_alternative_splicing 
"TP53_Regulates_Transcription_of_Genes_Involved_in_G2_Cell_Cycle_Arrest 
"TP53_regulates_transcription_of_additional_cell_cycle_genes_whose_exact_role_in_the_p53_pathway_remain_uncertain 
"TP53_Regulates_Transcription_of_Genes_Involved_in_G1_Cell_Cycle_Arrest 
"Regulation_of_TP53_Activity_through_Phosphorylation 
"Regulation_of_TP53_Degradation 
"Regulation_of_TP53_Activity_through_Acetylation 
"Regulation_of_TP53_Activity_through_Association_with_Co-factors 
"Regulation_of_TP53_Activity_through_Methylation 
"Keratinization 
"Regulation_of_TP53_Expression_and_Degradation 
"Metabolism_of_fat-soluble_vitamins 
"Signaling_by_MET 
"MET_Receptor_Activation 
"Negative_regulation_of_MET_activity 
"PTEN_Regulation 
"RNA_polymerase_II_transcribes_snRNA_genes 
"COPI-mediated_anterograde_transport 
"Formation_of_the_cornified_envelope 
"COPI-dependent_Golgi-to-ER_retrograde_traffic 
"COPI-independent_Golgi-to-ER_retrograde_traffic 
"Intra-Golgi_traffic 
"Retrograde_transport_at_the_Trans-Golgi-Network 
"Intra-Golgi_and_retrograde_Golgi-to-ER_traffic 
"PI5P_Regulates_TP53_Acetylation 
"PI5P,_PP2A_and_IER3_Regulate_PI3K/AKT_Signaling 
"Cooperation_of_PDCL_(PhLP1)_and_TRiC/CCT_in_G-protein_beta_folding 
"Glycerophospholipid_catabolism 
"Assembly_of_the_ORC_complex_at_the_origin_of_replication 
"CDC6_association_with_the_ORC:origin_complex 
"CDT1_association_with_the_CDC6:ORC:origin_complex 
"Assembly_of_the_pre-replicative_complex 
"Mitotic_Prophase 
"Mitotic_Prometaphase 
"Mitotic_Anaphase 
"Mitotic_Telophase/Cytokinesis 
"M_Phase 
"Orc1_removal_from_chromatin 
"DNA_replication_initiation 
"Activation_of_the_pre-replicative_complex 
"DNA_Replication_Pre-Initiation 
"CDK-mediated_phosphorylation_and_removal_of_Cdc6 
"Switching_of_origins_to_a_post-replicative_state 
"Polymerase_switching 
"Leading_Strand_Synthesis 
"Removal_of_the_Flap_Intermediate 
"Processive_synthesis_on_the_lagging_strand 
"Lagging_Strand_Synthesis 
"DNA_strand_elongation 
"Cyclin_E_associated_events_during_G1/S_transition 
"G1/S-Specific_Transcription 
"G1/S_Transition 
"Cyclin_D_associated_events_in_G1 
"G1_Phase 
"Synthesis_of_DNA 
"S_Phase 
"Cyclin_A/B1/B2_associated_events_during_G2/M_transition 
"G2/M_Transition 
"Cell_Cycle,_Mitotic 
"DNA_Replication 
"Dimerization_of_procaspase-8 
"G2/M_DNA_damage_checkpoint 
"G2/M_Checkpoints 
"Stabilization_of_p53 
"p53-Dependent_G1_DNA_Damage_Response 
"p53-Dependent_G1/S_DNA_damage_checkpoint 
"Ubiquitin_Mediated_Degradation_of_Phosphorylated_Cdc25A 
"p53-Independent_DNA_Damage_Response 
"p53-Independent_G1/S_DNA_damage_checkpoint 
"G1/S_DNA_Damage_Checkpoints 
"Mitotic_Spindle_Checkpoint 
"Cell_Cycle_Checkpoints 
"Cyclin_A:Cdk2-associated_events_at_S_phase_entry 
"Glycolysis 
"Glycogen_breakdown_(glycogenolysis) 
"Gluconeogenesis 
"Pyruvate_metabolism 
"Glucose_metabolism 
"Urea_cycle 
"Branched-chain_amino_acid_catabolism 
"Histidine_catabolism 
"Lysine_catabolism 
"Tryptophan_catabolism 
"Creatine_metabolism 
"Metabolism_of_amino_acids_and_derivatives 
"Pentose_phosphate_pathway 
"Ethanol_oxidation 
"Metabolism_of_carbohydrates 
"Citric_acid_cycle_(TCA_cycle) 
"Pyruvate_metabolism_and_Citric_Acid_(TCA)_cycle 
"mRNA_Capping 
"mRNA_Splicing_-_Major_Pathway 
"mRNA_Splicing_-_Minor_Pathway 
"mRNA_Splicing 
"mRNA_3'-end_processing 
"Transport_of_Mature_Transcript_to_Cytoplasm 
"Processing_of_Capped_Intron-Containing_Pre-mRNA 
"tRNA_processing 
"rRNA_processing 
"Eukaryotic_Translation_Initiation 
"Translation_initiation_complex_formation 
"Activation_of_the_mRNA_upon_binding_of_the_cap-binding_complex_and_eIFs,_and_subsequent_binding_to_43S 
"Formation_of_a_pool_of_free_40S_subunits 
"Formation_of_the_ternary_complex,_and_subsequently,_the_43S_complex 
"Ribosomal_scanning_and_start_codon_recognition 
"GTP_hydrolysis_and_joining_of_the_60S_ribosomal_subunit 
"Recycling_of_eIF2:GDP 
"Cap-dependent_Translation_Initiation 
"Eukaryotic_Translation_Termination 
"Translation 
"Transport_of_nucleotide_sugars 
"Pyrimidine_salvage 
"Pyrimidine_catabolism 
"RNA_Polymerase_I_Promoter_Opening 
"RNA_Polymerase_I_Transcription_Initiation 
"RNA_Polymerase_I_Promoter_Escape 
"RNA_Polymerase_II_Promoter_Escape 
"RNA_Polymerase_II_Transcription_Pre-Initiation_And_Promoter_Opening 
"RNA_Polymerase_III_Chain_Elongation 
"Purine_ribonucleoside_monophosphate_biosynthesis 
"RNA_Polymerase_I_Promoter_Clearance 
"RNA_Polymerase_II_Transcription_Termination 
"RNA_Polymerase_II_Transcription 
"RNA_Polymerase_I_Transcription_Termination 
"RNA_Polymerase_I_Transcription 
"Base_Excision_Repair 
"Chromosome_Maintenance 
"Death_Receptor_Signalling 
"DNA_Damage_Bypass 
"DNA_Repair 
"Depurination 
"Depyrimidination 
"Base-Excision_Repair,_AP_Site_Formation 
"Resolution_of_Abasic_Sites_(AP_sites) 
"DNA_Damage_Reversal 
"Reversal_of_alkylation_damage_by_DNA_dioxygenases 
"RNA_Polymerase_III_Transcription_Termination 
"RNA_Polymerase_III_Transcription 
"Gene_expression_(Transcription) 
"Ketone_body_metabolism 
"Purine_salvage 
"Purine_catabolism 
"Signal_attenuation 
"Insulin_receptor_signalling_cascade 
"Signaling_by_Insulin_receptor 
"RNA_Polymerase_III_Abortive_And_Retractive_Initiation 
"Chk1/Chk2(Cds1)_mediated_inactivation_of_Cyclin_B:Cdk1_complex 
"Processing_of_Capped_Intronless_Pre-mRNA 
"mRNA_Editing 
"Fatty_acyl-CoA_biosynthesis 
"Triglyceride_biosynthesis 
"Apoptotic_execution_phase 
"TRAIL__signaling 
"Dissolution_of_Fibrin_Clot 
"Ubiquitin-dependent_degradation_of_Cyclin_D 
"Synthesis_of_very_long-chain_fatty_acyl-CoAs 
"Platelet_Adhesion_to_exposed_collagen 
"TNF_signaling 
"RNA_Polymerase_II_Transcription_Initiation 
"RNA_Polymerase_II_Transcription_Elongation 
"Platelet_activation,_signaling_and_aggregation 
"Response_to_elevated_platelet_cytosolic_Ca2+ 
"Platelet_Aggregation_(Plug_Formation) 
"RNA_Polymerase_II_Transcription_Initiation_And_Promoter_Clearance 
"RNA_Polymerase_III_Transcription_Initiation 
"RNA_Polymerase_III_Transcription_Initiation_From_Type_1_Promoter 
"RNA_Polymerase_III_Transcription_Initiation_From_Type_2_Promoter 
"RNA_Polymerase_III_Transcription_Initiation_From_Type_3_Promoter 
"RNA_Pol_II_CTD_phosphorylation_and_interaction_with_CE 
"Synthesis_of_Ketone_Bodies 
"mitochondrial_fatty_acid_beta-oxidation_of_saturated_fatty_acids 
"mitochondrial_fatty_acid_beta-oxidation_of_unsaturated_fatty_acids 
"Mitochondrial_Fatty_Acid_Beta-Oxidation 
"Beta_oxidation_of_decanoyl-CoA_to_octanoyl-CoA-CoA 
"Insulin_receptor_recycling 
"Nucleosome_assembly 
"SLBP_Dependent_Processing_of_Replication-Dependent_Histone_Pre-mRNAs 
"Processing_of_Intronless_Pre-mRNAs 
"Transport_of_fatty_acids 
"Transport_of_nucleosides_and_free_purine_and_pyrimidine_bases_across_the_plasma_membrane 
"The_NLRP3_inflammasome 
"Interferon_gamma_signaling 
"Regulation_of_IFNG_signaling 
"Advanced_glycosylation_endproduct_receptor_signaling 
"Transport_of_organic_anions 
"Gastrin-CREB_signalling_pathway_via_PKC_and_MAPK 
"ERBB2_Activates_PTK6_Signaling 
"Signaling_by_PTK6 
"PTK6_Regulates_RTKs_and_Their_Effectors_AKT1_and_DOK1 
"PTK6_Regulates_Cell_Cycle 
"PTK6_Regulates_RHO_GTPases,_RAS_GTPase_and_MAP_kinases 
"Synaptic_adhesion-like_molecules 
"Phosphate_bond_hydrolysis_by_NTPDase_proteins 
"Butyrophilin_(BTN)_family_interactions 
"Signaling_by_FGFR2_IIIa_TM 
"MET_activates_RAS_signaling 
"MET_activates_PI3K/AKT_signaling 
"Protein_ubiquitination 
"The_role_of_GTSE1_in_G2/M_progression_after_G2_checkpoint 
"Signaling_by_FGFR3_fusions_in_cancer 
"Signaling_by_FGFR3_point_mutants_in_cancer 
"RET_signaling 
"Transcriptional_Regulation_by_VENTX 
"FBXL7_down-regulates_AURKA_during_mitotic_entry_and_in_early_mitosis 
"TBC/RABGAPs 
"AURKA_Activation_by_TPX2 
"Interleukin-20_family_signaling 
"Golgi-to-ER_retrograde_transport 
"Cargo_recognition_for_clathrin-mediated_endocytosis 
"Clathrin-mediated_endocytosis 
"PTK6_promotes_HIF1A_stabilization 
"Deregulated_CDK5_triggers_multiple_neurodegenerative_pathways_in_Alzheimer's_disease_models 
"Neurodegenerative_Diseases 
"Downregulation_of_ERBB2_signaling 
"Transcriptional_regulation_by_the_AP-2_(TFAP2)_family_of_transcription_factors 
"VLDLR_internalisation_and_degradation 
"Synthesis_of_active_ubiquitin:_roles_of_E1_and_E2_enzymes 
"E3_ubiquitin_ligases_ubiquitinate_target_proteins 
"Negative_regulation_of_activity_of_TFAP2_(AP-2)_family_transcription_factors 
"Activation_of_the_TFAP2_(AP-2)_family_of_transcription_factors 
"TFAP2_(AP-2)_family_regulates_transcription_of_growth_factors_and_their_receptors 
"rRNA_processing_in_the_mitochondrion 
"rRNA_processing_in_the_nucleus_and_cytosol 
"RAB_geranylgeranylation 
"MET_activates_PTK2_signaling 
"CREB3_factors_activate_genes 
"InlB-mediated_entry_of_Listeria_monocytogenes_into_host_cell 
"MET_activates_RAP1_and_RAC1 
"MET_receptor_recycling 
"MET_promotes_cell_motility 
"RAB_GEFs_exchange_GTP_for_GDP_on_RABs 
"Listeria_monocytogenes_entry_into_host_cells 
"InlA-mediated_entry_of_Listeria_monocytogenes_into_host_cells 
"Protein_methylation 
"RUNX1_and_FOXP3_control_the_development_of_regulatory_T_lymphocytes_(Tregs) 
"Transcriptional_regulation_by_RUNX3 
"Transcriptional_regulation_by_RUNX2 
"Transcriptional_regulation_by_RUNX1 
"GABA_synthesis,_release,_reuptake_and_degradation 
"RUNX1_regulates_estrogen_receptor_mediated_transcription 
"ROS_sensing_by_NFE2L2 
"Regulation_of_RUNX1_Expression_and_Activity 
"Receptor_Mediated_Mitophagy 
"Digestion 
"RUNX1_regulates_genes_involved_in_megakaryocyte_differentiation_and_platelet_function 
"Aryl_hydrocarbon_receptor_signalling 
"ESR-mediated_signaling 
"RUNX1_regulates_transcription_of_genes_involved_in_differentiation_of_HSCs 
"RUNX1_regulates_transcription_of_genes_involved_in_differentiation_of_keratinocytes 
"RUNX1_interacts_with_co-factors_whose_precise_effect_on_RUNX1_targets_is_not_known 
"RUNX1_regulates_transcription_of_genes_involved_in_BCR_signaling 
"RUNX1_regulates_transcription_of_genes_involved_in_differentiation_of_myeloid_cells 
"Regulation_of_RUNX2_expression_and_activity 
"RUNX2_regulates_osteoblast_differentiation 
"RUNX2_regulates_bone_development 
"RUNX2_regulates_genes_involved_in_cell_migration 
"RUNX3_regulates_CDKN1A_transcription 
"RUNX3_regulates_NOTCH_signaling 
"Regulation_of_RUNX3_expression_and_activity 
"Regulation_of_PTEN_mRNA_translation 
"Regulation_of_PTEN_gene_transcription 
"Collagen_chain_trimerization 
"Competing_endogenous_RNAs_(ceRNAs)_regulate_PTEN_translation 
"Regulation_of_PTEN_localization 
"Regulation_of_PTEN_stability_and_activity 
"Mitochondrial_calcium_ion_transport 
"RUNX3_Regulates_Immune_Response_and_Cell_Migration 
"Cristae_formation 
"Processing_of_SMDT1 
"Gene_and_protein_expression_by_JAK-STAT_signaling_after_Interleukin-12_stimulation 
"RUNX3_regulates_WNT_signaling 
"Neddylation 
"RUNX3_regulates_YAP1-mediated_transcription 
"RUNX3_regulates_p14-ARF 
"Transcriptional_Regulation_by_E2F6 
"Metabolism_of_RNA 
"Cellular_responses_to_stimuli 
"Carboxyterminal_post-translational_modifications_of_tubulin 
"Nucleotide_catabolism 
"Nucleotide_biosynthesis 
"Nucleotide_salvage 
"Post-translational_protein_phosphorylation 
"Metabolism_of_steroids 
"Phenylalanine_and_tyrosine_metabolism 
"Aspartate_and_asparagine_metabolism 
"Digestion_and_absorption 
"Chylomicron_assembly 
"Assembly_of_active_LPL_and_LIPC_lipase_complexes 
"HDL_assembly 
"Plasma_lipoprotein_assembly 
"Plasma_lipoprotein_remodeling 
"Chylomicron_remodeling 
"LDL_clearance 
"Plasma_lipoprotein_clearance 
"HDL_remodeling 
"G_beta:gamma_signalling_through_BTK 
"Glutamate_and_glutamine_metabolism 
"G_beta:gamma_signalling_through_CDC42 
"Fatty_acid_metabolism 
"Metabolism_of_cofactors 
"Triglyceride_metabolism 
"RHOA_GTPase_cycle 
"Glycogen_metabolism 
"Interleukin-15_signaling 
"OAS_antiviral_response 
"Interleukin-35_Signalling 
"Interleukin-9_signaling 
"Transcriptional_Regulation_by_MECP2 
"Loss_of_function_of_MECP2_in_Rett_syndrome 
"Pervasive_developmental_disorders 
"Signaling_by_NTRK2_(TRKB) 
"Signaling_by_Erythropoietin 
"Intracellular_signaling_by_second_messengers 
"Signaling_by_Non-Receptor_Tyrosine_Kinases 
"Signaling_by_Nuclear_Receptors 
"Signaling_by_Receptor_Tyrosine_Kinases 
"Signaling_by_TGFB_family_members 
"Rab_regulation_of_trafficking 
"Interleukin-37_signaling 
"Extra-nuclear_estrogen_signaling 
"ER_Quality_Control_Compartment_(ERQC) 
"Calnexin/calreticulin_cycle 
"Regulation_of_expression_of_SLITs_and_ROBOs 
"ROBO_receptors_bind_AKAP5 
"Interleukin-18_signaling 
"Signaling_by_NOTCH3 
"RHO_GTPase_cycle 
"RHOB_GTPase_cycle 
"RHOC_GTPase_cycle 
"CDC42_GTPase_cycle 
"RAC1_GTPase_cycle 
"RAC2_GTPase_cycle 
"RHOD_GTPase_cycle 
"RHOQ_GTPase_cycle 
"RHOH_GTPase_cycle 
"RHOG_GTPase_cycle 
"RHOJ_GTPase_cycle 
"RHOBTB2_GTPase_cycle 
"RHOT2_GTPase_cycle 
"RHOU_GTPase_cycle 
"RHOBTB1_GTPase_cycle 
"RAC3_GTPase_cycle 
"RHOV_GTPase_cycle 
"NOTCH3_Activation_and_Transmission_of_Signal_to_the_Nucleus 
"NOTCH3_Intracellular_Domain_Regulates_Transcription 
"Signaling_by_NOTCH4 
"NOTCH4_Intracellular_Domain_Regulates_Transcription 
"NOTCH4_Activation_and_Transmission_of_Signal_to_the_Nucleus 
"TLR3-mediated_TICAM1-dependent_programmed_cell_death 
"TICAM1-dependent_activation_of_IRF3/IRF7 
"TICAM1,TRAF6-dependent_induction_of_TAK1_complex 
"Noncanonical_activation_of_NOTCH3 
"Estrogen-dependent_gene_expression 
"Biosynthesis_of_DHA-derived_SPMs 
"Biosynthesis_of_specialized_proresolving_mediators_(SPMs) 
"Biosynthesis_of_EPA-derived_SPMs 
"Interleukin-2_signaling 
"Interleukin-12_signaling 
"Interleukin-1_signaling 
"Interleukin-23_signaling 
"Interleukin-27_signaling 
"Interleukin-21_signaling 
"Loss_of_phosphorylation_of_MECP2_at_T308 
"Loss_of_MECP2_binding_ability_to_the_NCoR/SMRT_complex 
"Regulation_of_MECP2_expression_and_activity 
"MECP2_regulates_neuronal_receptors_and_channels 
"MECP2_regulates_transcription_of_neuronal_ligands 
"NR1H2_and_NR1H3-mediated_signaling 
"Activated_NTRK2_signals_through_RAS 
"Erythropoietin_activates_Phosphoinositide-3-kinase_(PI3K) 
"Erythropoietin_activates_RAS 
"Activated_NTRK2_signals_through_PI3K 
"Activated_NTRK2_signals_through_FRS2_and_FRS3 
"NR1H2_&_NR1H3_regulate_gene_expression_linked_to_lipogenesis 
"NR1H3_&_NR1H2_regulate_gene_expression_linked_to_cholesterol_transport_and_efflux 
"NGF-stimulated_transcription 
"Activated_NTRK2_signals_through_FYN 
"Peroxisomal_protein_import 
"TYSND1_cleaves_peroxisomal_proteins 
"Blood_group_systems_biosynthesis 
"Signaling_by_NTRK3_(TRKC) 
"Activated_NTRK3_signals_through_RAS 
"RHOF_GTPase_cycle 
"Lewis_blood_group_biosynthesis 
"Interferon_alpha/beta_signaling 
"Meiotic_recombination 
"Interleukin_receptor_SHC_signaling 
"Regulation_of_signaling_by_CBL 
"Regulation_of_IFNA_signaling 
"Interferon_Signaling 
"O-linked_glycosylation_of_mucins 
"Endosomal_Sorting_Complex_Required_For_Transport_(ESCRT) 
"Iron_uptake_and_transport 
"Transferrin_endocytosis_and_recycling 
"TRAF3-dependent_IRF_activation_pathway 
"Nonsense-Mediated_Decay_(NMD) 
"TRAF6_mediated_IRF7_activation 
"TRAF6_mediated_NF-kB_activation 
"NF-kB_activation_through_FADD/RIP-1_pathway_mediated_by_caspase-8_and_-10 
"Negative_regulators_of_DDX58/IFIH1_signaling 
"Ion_transport_by_P-type_ATPases 
"Activation_of_IRF3/IRF7_mediated_by_TBK1/IKK_epsilon 
"IRAK1_recruits_IKK_complex 
"IKK_complex_recruitment_mediated_by_RIP1 
"IRAK2_mediated_activation_of_TAK1_complex 
"TRIF(TICAM1)-mediated_TLR4_signaling 
"TRAF6-mediated_induction_of_TAK1_complex_within_TLR4_complex 
"Molybdenum_cofactor_biosynthesis 
"Transport_to_the_Golgi_and_subsequent_modification 
"Activated_NTRK3_signals_through_PI3K 
"Class_I_peroxisomal_membrane_protein_import 
"Negative_regulation_of_NOTCH4_signaling 
"FLT3_Signaling 
"Protein_localization 
"Insertion_of_tail-anchored_proteins_into_the_endoplasmic_reticulum_membrane 
"HCMV_Infection 
"HCMV_Early_Events 
"Assembly_and_cell_surface_presentation_of_NMDA_receptors 
"HCMV_Late_Events 
"Autophagy 
"Lipophagy 
"Chaperone_Mediated_Autophagy 
"FOXO-mediated_transcription 
"Regulation_of_localization_of_FOXO_transcription_factors 
"FOXO-mediated_transcription_of_cell_death_genes 
"FOXO-mediated_transcription_of_oxidative_stress,_metabolic_and_neuronal_genes 
"Late_endosomal_microautophagy 
"Postmitotic_nuclear_pore_complex_(NPC)_reformation 
"Transcriptional_regulation_of_granulopoiesis 
"Negative_regulation_of_NMDA_receptor-mediated_neuronal_transmission 
"Regulation_of_FOXO_transcriptional_activity_by_acetylation 
"FOXO-mediated_transcription_of_cell_cycle_genes 
"Activation_of_RAC1_downstream_of_NMDARs 
"Activation_of_AMPK_downstream_of_NMDARs 
"EGR2_and_SOX10-mediated_initiation_of_Schwann_cell_myelination 
"Long-term_potentiation 
"NR1H2_&_NR1H3_regulate_gene_expression_to_control_bile_acid_homeostasis 
"Regulation_of_the_apoptosome_activity 
"Response_of_EIF2AK4_(GCN2)_to_amino_acid_deficiency 
"Constitutive_Signaling_by_Overexpressed_ERBB2 
"Regulation_of_glycolysis_by_fructose_2,6-bisphosphate_metabolism 
"Estrogen-stimulated_signaling_through_PRKCZ 
"Estrogen-dependent_nuclear_events_downstream_of_ESR-membrane_signaling 
"Suppression_of_apoptosis 
"Infection_with_Mycobacterium_tuberculosis 
"Prevention_of_phagosomal-lysosomal_fusion 
"Modulation_by_Mtb_of_host_immune_system 
"Suppression_of_phagosomal_maturation 
"Response_of_Mtb_to_phagocytosis 
"Amino_acids_regulate_mTORC1 
"STAT5_Activation 
"Alpha-protein_kinase_1_signaling_pathway 
"Diseases_of_programmed_cell_death 
"Aggrephagy 
"RAS_processing 
"EML4_and_NUDC_in_mitotic_spindle_formation 
"Response_of_EIF2AK1_(HRI)_to_heme_deficiency 
"Signaling_downstream_of_RAS_mutants 
"Defects_of_contact_activation_system_(CAS)_and_kallikrein/kinin_system_(KKS) 
"Signaling_by_MAPK_mutants 
"Signaling_by_RAF1_mutants 
"Leishmania_infection 
"Sensory_processing_of_sound 
"Aberrant_regulation_of_mitotic_G1/S_transition_in_cancer_due_to_RB1_defects 
"Signaling_by_MRAS-complex_mutants 
"ADORA2B_mediated_anti-inflammatory_cytokines_production 
"Purinergic_signaling_in_leishmaniasis_infection 
"Defective_binding_of_RB1_mutants_to_E2F1,(E2F2,_E2F3) 
"Sensory_processing_of_sound_by_inner_hair_cells_of_the_cochlea 
"Sensory_processing_of_sound_by_outer_hair_cells_of_the_cochlea 
"CD163_mediating_an_anti-inflammatory_response 
"Anti-inflammatory_response_favouring_Leishmania_parasite_infection 
"Selective_autophagy 
"FCGR3A-mediated_IL10_synthesis 
"Parasite_infection 
"Leishmania_phagocytosis 
"Killing_mechanisms 
"FCGR3A-mediated_phagocytosis 
"Cell_recruitment_(pro-inflammatory_response) 
"Leishmania_parasite_growth_and_survival 
"Signaling_by_ERBB2_KD_Mutants 
"Pexophagy 
"Signaling_by_ERBB2_ECD_mutants 
"Signaling_by_ERBB2_TMD/JMD_mutants 
"Sealing_of_the_nuclear_envelope_(NE)_by_ESCRT-III 
"Signaling_by_KIT_in_disease 
"Inhibition_of_DNA_recombination_at_telomere 
"Signaling_by_phosphorylated_juxtamembrane,_extracellular_and_kinase_domain_KIT_mutants 
"Signaling_by_PDGFR_in_disease 
"Diseases_of_hemostasis 
"WNT5:FZD7-mediated_leishmania_damping 
"Signaling_by_PDGFRA_transmembrane,_juxtamembrane_and_kinase_domain_mutants 
"Signaling_by_PDGFRA_extracellular_domain_mutants 
"Signaling_by_CSF3_(G-CSF) 
"Nervous_system_development 
"Diseases_of_mitotic_cell_cycle 
"Diseases_of_DNA_repair 
"Diseases_of_DNA_Double-Strand_Break_Repair 
"Diseases_of_the_neuronal_system 
"Disorders_of_Developmental_Biology 
"SARS-CoV-1_Infection 
"Potential_therapeutics_for_SARS 
"SARS-CoV_Infections 
"FLT3_signaling_in_disease 
"Maturation_of_protein_3a 
"Aberrant_regulation_of_mitotic_exit_in_cancer_due_to_RB1_defects 
"Aberrant_regulation_of_mitotic_cell_cycle_due_to_RB1_defects 
"SARS-CoV-2_Infection 
"Maturation_of_spike_protein 
"Maturation_of_nucleoprotein 
"Translation_of_Structural_Proteins 
"Translation_of_Replicase_and_Assembly_of_the_Replication_Transcription_Complex 
"RND3_GTPase_cycle 
"RND2_GTPase_cycle 
"RND1_GTPase_cycle 
"Disorders_of_Nervous_System_Development 
"Signaling_by_ALK_in_cancer 
"ALK_mutants_bind_TKIs 
"Defective_HDR_through_Homologous_Recombination_(HRR)_due_to_BRCA1_loss-of-function 
"Defective_HDR_through_Homologous_Recombination_(HRR)_due_to_PALB2_loss_of_function 
"STAT3_nuclear_events_downstream_of_ALK_signaling 
"STAT5_activation_downstream_of_FLT3_ITD_mutants 
"Signaling_by_FLT3_fusion_proteins 
"Signaling_by_FLT3_ITD_and_TKD_mutants 
"Defective_HDR_through_Homologous_Recombination_Repair_(HRR)_due_to_PALB2_loss_of_BRCA1_binding_function 
"Defective_HDR_through_Homologous_Recombination_Repair_(HRR)_due_to_PALB2_loss_of_BRCA2/RAD51/RAD51C_binding_function 
"Inactivation_of_CSF3_(G-CSF)_signaling 
"RHOBTB3_ATPase_cycle 
"Negative_regulation_of_FLT3 
"RHOBTB_GTPase_Cycle 
"Cytoprotection_by_HMOX1 
"Regulation_of_HMOX1_expression_and_activity 
"Heme_signaling 
"Regulation_of_BACH1_activity 
"Sensory_Perception 
"Defective_pyroptosis 
"Cellular_response_to_starvation 
"Cellular_response_to_chemical_stress 
"Miro_GTPase_Cycle 
"Signaling_by_Rho_GTPases,_Miro_GTPases_and_RHOBTB3 
"Sensory_perception_of_taste 
"Sensory_perception_of_sweet,_bitter,_and_umami_(glutamate)_taste 
"Signaling_by_ALK_fusions_and_activated_point_mutants 
"Nuclear_events_stimulated_by_ALK_signaling_in_cancer 
"SHOC2_M1731_mutant_abolishes_MRAS_complex_function 
"Gain-of-function_MRAS_complexes_activate_RAF_signaling 
"Sensory_perception_of_salty_taste 
"Defective_Intrinsic_Pathway_for_Apoptosis 
"TRAF6_mediated_IRF7_activation_in_TLR7/8_or_9_signaling 
"TRAF6_mediated_induction_of_NFkB_and_MAP_kinases_upon_TLR7/8_or_9_activation 
"IRAK1_recruits_IKK_complex_upon_TLR7/8_or_9_stimulation 
"MyD88_dependent_cascade_initiated_on_endosome 
"IRAK2_mediated_activation_of_TAK1_complex_upon_TLR7/8_or_9_stimulation 
"N-glycan_antennae_elongation_in_the_medial/trans-Golgi 
"N-Glycan_antennae_elongation 
"Reactions_specific_to_the_complex_N-glycan_synthesis_pathway 
"Retinoid_metabolism_and_transport 
"MyD88_cascade_initiated_on_plasma_membrane 
"Nonsense_Mediated_Decay_(NMD)_independent_of_the_Exon_Junction_Complex_(EJC) 
"Nonsense_Mediated_Decay_(NMD)_enhanced_by_the_Exon_Junction_Complex_(EJC) 
"Termination_of_O-glycan_biosynthesis 
"Amyloid_fiber_formation 
"Serine_biosynthesis 
"GABA_receptor_activation 
"GABA_B_receptor_activation 
"Regulation_of_Complement_cascade 
"Growth_hormone_receptor_signaling 
"Antigen_processing:_Ubiquitination_&_Proteasome_degradation 
"Class_I_MHC_mediated_antigen_processing_&_presentation 
"Antigen_Presentation:_Folding,_assembly_and_peptide_loading_of_class_I_MHC 
"Kinesins 
"Factors_involved_in_megakaryocyte_development_and_platelet_production 
"Antigen_activates_B_Cell_Receptor_(BCR)_leading_to_generation_of_second_messengers 
"Signaling_by_the_B_Cell_Receptor_(BCR) 
"Ion_channel_transport 
"Activation_of_GABAB_receptors 
"Inhibition__of_voltage_gated_Ca2+_channels_via_Gbeta/gamma_subunits 
